<<<<<<< HEAD
Base path: D:/LSF/Softs/Unity/Unity201840/Unity/Editor/Data
=======
Base path: D:/Softs/Unitys/Unity2014.4.0f1/Unity/Editor/Data
Cmd: initializeCompiler
Cmd: preprocess
  insize=1222 outsize=412 ok=1
Cmd: initializeCompiler
Cmd: initializeCompiler
Cmd: initializeCompiler
Cmd: initializeCompiler
Cmd: initializeCompiler
Cmd: initializeCompiler
Cmd: initializeCompiler
Cmd: initializeCompiler
Cmd: initializeCompiler
Cmd: initializeCompiler
Cmd: initializeCompiler
Cmd: initializeCompiler
Cmd: initializeCompiler
Cmd: initializeCompiler
Cmd: initializeCompiler
Cmd: initializeCompiler
Cmd: initializeCompiler
Cmd: initializeCompiler
Cmd: initializeCompiler
Cmd: initializeCompiler
Cmd: initializeCompiler
>>>>>>> parent of b1f25529... 11.27
Cmd: initializeCompiler
